app/build/outputs/mapping/release/seeds.txt
com.weatherapp.ui.search.SearchFragment
com.weatherapp.MainActivity
com.weatherapp.data.api.WeatherApiService
com.weatherapp.data.local.AppDatabase_Impl
com.weatherapp.WeatherApplication_GeneratedInjector
com.weatherapp.ui.home.HomeFragment
com.weatherapp.ui.home.HomeFragment_GeneratedInjector
com.weatherapp.data.local.AppDatabase
com.weatherapp.WeatherApplication
com.weatherapp.MainActivity_GeneratedInjector
com.weatherapp.data.api.WeatherApiService: java.lang.Object getCurrentWeatherByCoord(double,double,java.lang.String,java.lang.String,java.lang.String,kotlin.coroutines.Continuation)
com.weatherapp.data.local.AppDatabase_Impl: AppDatabase_Impl()
com.weatherapp.WeatherApplication: WeatherApplication()
com.weatherapp.ui.home.HomeFragment: HomeFragment()
com.weatherapp.data.local.AppDatabase: AppDatabase()
com.weatherapp.data.api.WeatherApiService: java.lang.Object getCurrentWeatherByCity(java.lang.String,java.lang.String,java.lang.String,java.lang.String,kotlin.coroutines.Continuation)
com.weatherapp.data.api.WeatherApiService: java.lang.Object getForecastByCity(java.lang.String,java.lang.String,java.lang.String,java.lang.String,kotlin.coroutines.Continuation)
com.weatherapp.MainActivity: MainActivity()
com.weatherapp.data.api.WeatherApiService: java.lang.Object getForecastByCoord(double,double,java.lang.String,java.lang.String,java.lang.String,kotlin.coroutines.Continuation)
com.weatherapp.ui.search.SearchFragment: SearchFragment()
...
androidx.fragment.app.FragmentContainerView
androidx.core.app.CoreComponentFactory
androidx.appcompat.view.menu.ListMenuItemView
android.support.v4.app.RemoteActionCompatParcelizer
com.google.android.material.floatingactionbutton.FloatingActionButton$BaseBehavior
com.google.android.gms.common.GooglePlayServicesMissingManifestValueException
com.google.android.material.behavior.HideBottomViewOnScrollBehavior
com.google.android.material.floatingactionbutton.FloatingActionButton
androidx.navigation.ActivityNavigator
androidx.appcompat.widget.AlertDialogLayout
androidx.core.app.RemoteActionCompatParcelizer
com.google.android.material.behavior.SwipeDismissBehavior
com.google.android.gms.common.GooglePlayServicesManifestException
androidx.appcompat.app.AlertController$RecycleListView
com.google.android.material.datepicker.MaterialCalendar
com.google.android.material.transformation.ExpandableTransformationBehavior
com.google.android.material.timepicker.ClockFaceView
com.google.android.material.floatingactionbutton.FloatingActionButton$Behavior
com.google.android.material.transformation.ExpandableBehavior
androidx.core.widget.NestedScrollView
com.google.android.gms.common.annotation.KeepName
com.google.android.material.sidesheet.SideSheetBehavior
androidx.appcompat.widget.ActionBarContainer
androidx.appcompat.widget.ViewStubCompat
androidx.transition.FragmentTransitionSupport
com.google.android.gms.common.SupportErrorDialogFragment
dagger.hilt.android.internal.managers.FragmentComponentManager$FragmentComponentBuilderEntryPoint
androidx.navigation.fragment.DialogFragmentNavigator
okhttp3.internal.publicsuffix.PublicSuffixDatabase
androidx.appcompat.widget.ContentFrameLayout
dagger.hilt.android.internal.lifecycle.HiltViewModelFactory$ViewModelFactoriesEntryPoint
com.google.android.material.transformation.FabTransformationScrimBehavior
kotlinx.coroutines.internal.StackTraceRecoveryKt
com.google.android.material.timepicker.TimePickerView
androidx.emoji2.text.EmojiCompatInitializer
dagger.hilt.android.flags.FragmentGetContextFix$FragmentGetContextFixEntryPoint
androidx.appcompat.widget.SearchView$SearchAutoComplete
com.google.android.material.textfield.TextInputEditText
androidx.appcompat.widget.ActionMenuView
com.google.android.material.bottomsheet.BottomSheetBehavior
com.google.android.material.theme.MaterialComponentsViewInflater
dagger.hilt.android.internal.lifecycle.DefaultViewModelFactories$ActivityEntryPoint
com.google.android.gms.common.api.internal.zzd
androidx.profileinstaller.ProfileInstallReceiver
androidx.appcompat.widget.ActivityChooserView$InnerLayout
androidx.profileinstaller.ProfileInstallerInitializer
com.google.android.material.timepicker.ClockHandView
com.google.android.material.timepicker.ChipTextInputComboView
com.google.android.gms.common.api.internal.BasePendingResult
com.google.android.gms.common.GooglePlayServicesIncorrectManifestValueException
com.google.android.material.snackbar.SnackbarContentLayout
androidx.constraintlayout.widget.ConstraintLayout
androidx.appcompat.view.menu.ActionMenuItemView
com.google.android.material.datepicker.MaterialDatePicker
kotlinx.coroutines.JobSupport: java.lang.Object _state
androidx.concurrent.futures.AbstractResolvableFuture: java.lang.Object value
kotlinx.coroutines.JobSupport$Finishing: java.lang.Object _rootCause
androidx.fragment.app.BackStackState: android.os.Parcelable$Creator CREATOR
com.bumptech.glide.load.ImageHeaderParser$ImageType: com.bumptech.glide.load.ImageHeaderParser$ImageType PNG
androidx.fragment.app.BackStackRecordState: android.os.Parcelable$Creator CREATOR
androidx.concurrent.futures.AbstractResolvableFuture$Waiter: androidx.concurrent.futures.AbstractResolvableFuture$Waiter next
kotlinx.coroutines.JobSupport: java.lang.Object _parentHandle
com.google.android.gms.common.internal.ConnectionTelemetryConfiguration: android.os.Parcelable$Creator CREATOR
kotlinx.coroutines.internal.LockFreeTaskQueueCore: long _state