app/build/outputs/mapping/release/usage.txt
com.weatherapp.BuildConfig
com.weatherapp.DaggerWeatherApplication_HiltComponents_SingletonC$ActivityCImpl$LazyClassKeyProvider:
    com.weatherapp.ui.home.HomeViewModel com_weatherapp_ui_home_HomeViewModel2
    private void <init>()
com.weatherapp.DaggerWeatherApplication_HiltComponents_SingletonC$ActivityCImpl:
    public dagger.hilt.android.internal.builders.ViewModelComponentBuilder getViewModelComponentBuilder()
    public dagger.hilt.android.internal.builders.ViewComponentBuilder viewComponentBuilder()
com.weatherapp.DaggerWeatherApplication_HiltComponents_SingletonC$FragmentCImpl:
    public dagger.hilt.android.internal.builders.ViewWithFragmentComponentBuilder viewWithFragmentComponentBuilder()
com.weatherapp.DaggerWeatherApplication_HiltComponents_SingletonC$ServiceCBuilder
com.weatherapp.DaggerWeatherApplication_HiltComponents_SingletonC$ServiceCImpl
com.weatherapp.DaggerWeatherApplication_HiltComponents_SingletonC$SingletonCImpl:
    public dagger.hilt.android.internal.builders.ServiceComponentBuilder serviceComponentBuilder()
com.weatherapp.DaggerWeatherApplication_HiltComponents_SingletonC$ViewCBuilder
com.weatherapp.DaggerWeatherApplication_HiltComponents_SingletonC$ViewCImpl
com.weatherapp.DaggerWeatherApplication_HiltComponents_SingletonC$ViewModelCImpl$LazyClassKeyProvider:
    com.weatherapp.ui.home.HomeViewModel com_weatherapp_ui_home_HomeViewModel2
    private void <init>()
com.weatherapp.DaggerWeatherApplication_HiltComponents_SingletonC$ViewWithFragmentCBuilder
com.weatherapp.DaggerWeatherApplication_HiltComponents_SingletonC$ViewWithFragmentCImpl
com.weatherapp.DaggerWeatherApplication_HiltComponents_SingletonC:
    private void <init>()
com.weatherapp.Hilt_MainActivity:
    void <init>(int)
    public synthetic bridge dagger.hilt.internal.GeneratedComponentManager componentManager()
com.weatherapp.Hilt_WeatherApplication:
    public synthetic bridge dagger.hilt.internal.GeneratedComponentManager componentManager()
com.weatherapp.R$id:
    public static int homeFragment
    public static int nav_graph
    public static int nav_host
    public static int searchFragment
    public static int swipeRefresh
    private void <init>()
com.weatherapp.R$layout:
    private void <init>()
com.weatherapp.R$navigation
com.weatherapp.R$string
com.weatherapp.R$style
com.weatherapp.R
com.weatherapp.WeatherApplication_ComponentTreeDeps
com.weatherapp.WeatherApplication_HiltComponents$ActivityC$Builder
com.weatherapp.WeatherApplication_HiltComponents$ActivityCBuilderModule
com.weatherapp.WeatherApplication_HiltComponents$ActivityRetainedC$Builder
com.weatherapp.WeatherApplication_HiltComponents$ActivityRetainedCBuilderModule
com.weatherapp.WeatherApplication_HiltComponents$FragmentC$Builder
com.weatherapp.WeatherApplication_HiltComponents$FragmentCBuilderModule
com.weatherapp.WeatherApplication_HiltComponents$ServiceC$Builder
com.weatherapp.WeatherApplication_HiltComponents$ServiceC
com.weatherapp.WeatherApplication_HiltComponents$ServiceCBuilderModule
com.weatherapp.WeatherApplication_HiltComponents$ViewC$Builder
com.weatherapp.WeatherApplication_HiltComponents$ViewC
com.weatherapp.WeatherApplication_HiltComponents$ViewCBuilderModule
com.weatherapp.WeatherApplication_HiltComponents$ViewModelC$Builder
com.weatherapp.WeatherApplication_HiltComponents$ViewModelCBuilderModule
com.weatherapp.WeatherApplication_HiltComponents$ViewWithFragmentC$Builder
com.weatherapp.WeatherApplication_HiltComponents$ViewWithFragmentC
com.weatherapp.WeatherApplication_HiltComponents$ViewWithFragmentCBuilderModule
com.weatherapp.WeatherApplication_HiltComponents
com.weatherapp.data.local.AppDatabase_Impl:
    public void clearAllTables()
com.weatherapp.data.local.dao.WeatherDao:
    public abstract java.lang.Object deleteExpiredCache(long,kotlin.coroutines.Continuation)
    public abstract kotlinx.coroutines.flow.Flow getAllCachedCities()
    public abstract kotlinx.coroutines.flow.Flow observeWeather(java.lang.String)
...
kotlinx.coroutines.flow.internal.CombineKt
kotlinx.coroutines.flow.internal.FlowCoroutine
kotlinx.coroutines.flow.internal.FlowCoroutineKt$scopedFlow$$inlined$unsafeFlow$1
kotlinx.coroutines.flow.internal.FlowCoroutineKt$scopedFlow$1$1
kotlinx.coroutines.flow.internal.FlowCoroutineKt
kotlinx.coroutines.flow.internal.FlowExceptions_commonKt
kotlinx.coroutines.flow.internal.FusibleFlow$DefaultImpls
kotlinx.coroutines.flow.internal.FusibleFlow
kotlinx.coroutines.flow.internal.SafeCollectorKt:
    private static synthetic void getEmitFun$annotations()
kotlinx.coroutines.flow.internal.SafeCollector_commonKt$unsafeFlow$1$collect$1
kotlinx.coroutines.flow.internal.SafeCollector_commonKt$unsafeFlow$1
kotlinx.coroutines.flow.internal.SafeCollector_commonKt:
    public static final kotlinx.coroutines.flow.Flow unsafeFlow(kotlin.jvm.functions.Function2)
kotlinx.coroutines.flow.internal.SendingCollector
kotlinx.coroutines.flow.internal.StackFrameContinuation
kotlinx.coroutines.flow.internal.SubscriptionCountStateFlow:
    public void <init>(int)
    public java.lang.Integer getValue()
    public synthetic bridge java.lang.Object getValue()
kotlinx.coroutines.flow.internal.UndispatchedContextCollector$emitRef$1
kotlinx.coroutines.flow.internal.UndispatchedContextCollector
kotlinx.coroutines.future.CompletableFutureCoroutine
kotlinx.coroutines.future.ContinuationHandler
kotlinx.coroutines.future.FutureKt$asCompletableFuture$1
kotlinx.coroutines.future.FutureKt$asCompletableFuture$2
kotlinx.coroutines.future.FutureKt$asDeferred$2
kotlinx.coroutines.future.FutureKt$await$2$1
kotlinx.coroutines.future.FutureKt
kotlinx.coroutines.internal.AtomicOp:
    public kotlinx.coroutines.internal.AtomicOp getAtomicOp()
kotlinx.coroutines.internal.ConcurrentKt:
    public static synthetic void ReentrantLock$annotations()
    public static final java.util.Set identitySet(int)
    public static final java.lang.Object withLock(java.util.concurrent.locks.ReentrantLock,kotlin.jvm.functions.Function0)
kotlinx.coroutines.internal.ConcurrentLinkedListKt
kotlinx.coroutines.internal.ConcurrentLinkedListNode:
    private volatile java.lang.Object _next
    private static final java.util.concurrent.atomic.AtomicReferenceFieldUpdater _next$FU
    private volatile java.lang.Object _prev
    private static final java.util.concurrent.atomic.AtomicReferenceFieldUpdater _prev$FU
    static void <clinit>()
    public void <init>(kotlinx.coroutines.internal.ConcurrentLinkedListNode)
    public static final synthetic java.lang.Object access$getNextOrClosed(kotlinx.coroutines.internal.ConcurrentLinkedListNode)
    public final void cleanPrev()
    private final kotlinx.coroutines.internal.ConcurrentLinkedListNode getAliveSegmentLeft()
    private final kotlinx.coroutines.internal.ConcurrentLinkedListNode getAliveSegmentRight()
    public final kotlinx.coroutines.internal.ConcurrentLinkedListNode getNext()
    private final java.lang.Object getNextOrClosed()
    public final kotlinx.coroutines.internal.ConcurrentLinkedListNode getPrev()
    public abstract boolean isRemoved()
    public final boolean isTail()
    public final boolean markAsClosed()
    public final kotlinx.coroutines.internal.ConcurrentLinkedListNode nextOrIfClosed(kotlin.jvm.functions.Function0)
    public final void remove()
    public final boolean trySetNext(kotlinx.coroutines.internal.ConcurrentLinkedListNode)
    private final void update$atomicfu(java.util.concurrent.atomic.AtomicReferenceFieldUpdater,kotlin.jvm.functions.Function1,java.lang.Object)
kotlinx.coroutines.internal.ContextScope
kotlinx.coroutines.internal.CoroutineExceptionHandlerImplKt:
    public static final void ensurePlatformExceptionHandlerLoaded(kotlinx.coroutines.CoroutineExceptionHandler)